<?xml version="1.0" encoding="UTF-8"?>
<!-- Generated by org.testng.reporters.JUnitReportReporter -->
<testsuite hostname="Hiteshs-MBP.hub" failures="0" tests="1" name="com.assignment.RestTest" time="0.918" errors="0" timestamp="2023-04-02T19:05:29 NZST" skipped="0">
  <testcase classname="com.assignment.RestTest" name="testResponse" time="0.918"/>
  <system-out/>
</testsuite> <!-- com.assignment.RestTest -->
